<?xml version="1.0" encoding="UTF-8"?>
<!-- Generated by org.testng.reporters.JUnitReportReporter -->
<testsuite hostname="MuguSurfaceBook" failures="0" tests="2" name="testscripts.TestingPage" time="121.831" errors="0" timestamp="2024-08-03T23:42:04 IST" skipped="0">
  <testcase classname="testscripts.TestingPage" name="positiveScenarioUser" time="56.920"/>
  <system-out/>
  <testcase classname="testscripts.TestingPage" name="add_twoitems_to_cart" time="64.911"/>
  <system-out/>
</testsuite> <!-- testscripts.TestingPage -->
